Generated at 2015-06-16 21:32:51 +0000
Mixlib::ShellOut::ShellCommandFailed: ruby[copyAllTolib] (liferay::default line 106) had an error: Mixlib::ShellOut::ShellCommandFailed: Expected process to exit with [0], but received '1'
---- Begin output of "ruby"  "/tmp/chef-script20150616-2641-1c091ir" ----
STDOUT: 
STDERR: /tmp/chef-script20150616-2641-1c091ir:1:in `<main>': uninitialized constant FileUtils (NameError)
---- End output of "ruby"  "/tmp/chef-script20150616-2641-1c091ir" ----
Ran "ruby"  "/tmp/chef-script20150616-2641-1c091ir" returned 1
/opt/chefdk/embedded/lib/ruby/gems/2.1.0/gems/mixlib-shellout-2.0.1/lib/mixlib/shellout.rb:278:in `invalid!'
/opt/chefdk/embedded/lib/ruby/gems/2.1.0/gems/mixlib-shellout-2.0.1/lib/mixlib/shellout.rb:265:in `error!'
/opt/chefdk/embedded/apps/chef/lib/chef/mixin/shell_out.rb:56:in `shell_out!'
/opt/chefdk/embedded/apps/chef/lib/chef/provider/execute.rb:61:in `block in action_run'
/opt/chefdk/embedded/apps/chef/lib/chef/mixin/why_run.rb:52:in `call'
/opt/chefdk/embedded/apps/chef/lib/chef/mixin/why_run.rb:52:in `add_action'
/opt/chefdk/embedded/apps/chef/lib/chef/provider.rb:165:in `converge_by'
/opt/chefdk/embedded/apps/chef/lib/chef/provider/execute.rb:60:in `action_run'
/opt/chefdk/embedded/apps/chef/lib/chef/provider/script.rb:62:in `action_run'
/opt/chefdk/embedded/apps/chef/lib/chef/provider.rb:130:in `run_action'
/opt/chefdk/embedded/apps/chef/lib/chef/resource.rb:562:in `run_action'
/opt/chefdk/embedded/apps/chef/lib/chef/runner.rb:49:in `run_action'
/opt/chefdk/embedded/apps/chef/lib/chef/runner.rb:81:in `block (2 levels) in converge'
/opt/chefdk/embedded/apps/chef/lib/chef/runner.rb:81:in `each'
/opt/chefdk/embedded/apps/chef/lib/chef/runner.rb:81:in `block in converge'
/opt/chefdk/embedded/apps/chef/lib/chef/resource_collection/resource_list.rb:83:in `block in execute_each_resource'
/opt/chefdk/embedded/apps/chef/lib/chef/resource_collection/stepable_iterator.rb:116:in `call'
/opt/chefdk/embedded/apps/chef/lib/chef/resource_collection/stepable_iterator.rb:116:in `call_iterator_block'
/opt/chefdk/embedded/apps/chef/lib/chef/resource_collection/stepable_iterator.rb:85:in `step'
/opt/chefdk/embedded/apps/chef/lib/chef/resource_collection/stepable_iterator.rb:104:in `iterate'
/opt/chefdk/embedded/apps/chef/lib/chef/resource_collection/stepable_iterator.rb:55:in `each_with_index'
/opt/chefdk/embedded/apps/chef/lib/chef/resource_collection/resource_list.rb:81:in `execute_each_resource'
/opt/chefdk/embedded/apps/chef/lib/chef/runner.rb:80:in `converge'
/opt/chefdk/embedded/apps/chef/lib/chef/client.rb:339:in `block in converge'
/opt/chefdk/embedded/apps/chef/lib/chef/client.rb:334:in `catch'
/opt/chefdk/embedded/apps/chef/lib/chef/client.rb:334:in `converge'
/opt/chefdk/embedded/apps/chef/lib/chef/client.rb:353:in `converge_and_save'
/opt/chefdk/embedded/apps/chef/lib/chef/client.rb:457:in `run'
/opt/chefdk/embedded/apps/chef/lib/chef/application.rb:271:in `block in fork_chef_client'
/opt/chefdk/embedded/apps/chef/lib/chef/application.rb:259:in `fork'
/opt/chefdk/embedded/apps/chef/lib/chef/application.rb:259:in `fork_chef_client'
/opt/chefdk/embedded/apps/chef/lib/chef/application.rb:225:in `block in run_chef_client'
/opt/chefdk/embedded/apps/chef/lib/chef/local_mode.rb:39:in `with_server_connectivity'
/opt/chefdk/embedded/apps/chef/lib/chef/application.rb:213:in `run_chef_client'
/opt/chefdk/embedded/apps/chef/lib/chef/application/client.rb:402:in `block in interval_run_chef_client'
/opt/chefdk/embedded/apps/chef/lib/chef/application/client.rb:392:in `loop'
/opt/chefdk/embedded/apps/chef/lib/chef/application/client.rb:392:in `interval_run_chef_client'
/opt/chefdk/embedded/apps/chef/lib/chef/application/client.rb:382:in `run_application'
/opt/chefdk/embedded/apps/chef/lib/chef/application.rb:60:in `run'
/opt/chefdk/embedded/apps/chef/bin/chef-client:26:in `<top (required)>'
/usr/bin/chef-client:51:in `load'
/usr/bin/chef-client:51:in `<main>'